<?xml version="1.0" encoding="utf-8"?><testsuites name="pytest tests"><testsuite name="pytest" errors="0" failures="0" skipped="0" tests="13" time="9.095" timestamp="2026-05-30T12:37:48.118831+00:00" hostname="agent-env-60bee4db-1587-4972-adf9-3767282adb23"><testcase classname="backend.tests.test_quill_api.TestOpenAPI" name="test_openapi_accessible" time="0.466" /><testcase classname="backend.tests.test_quill_api.TestGenerateModes" name="test_generate_returns_seed[clinical]" time="0.819" /><testcase classname="backend.tests.test_quill_api.TestGenerateModes" name="test_generate_returns_seed[sales]" time="0.783" /><testcase classname="backend.tests.test_quill_api.TestGenerateModes" name="test_generate_returns_seed[interview]" time="0.965" /><testcase classname="backend.tests.test_quill_api.TestGenerateModes" name="test_generate_returns_seed[intake]" time="0.817" /><testcase classname="backend.tests.test_quill_api.TestGenerateModes" name="test_clinical_has_risk_keywords" time="1.038" /><testcase classname="backend.tests.test_quill_api.TestGenerateModes" name="test_non_clinical_no_risk_keywords[sales]" time="0.748" /><testcase classname="backend.tests.test_quill_api.TestGenerateModes" name="test_non_clinical_no_risk_keywords[interview]" time="0.867" /><testcase classname="backend.tests.test_quill_api.TestGenerateModes" name="test_non_clinical_no_risk_keywords[intake]" time="0.992" /><testcase classname="backend.tests.test_quill_api.TestGenerateValidation" name="test_empty_transcript_returns_400" time="0.103" /><testcase classname="backend.tests.test_quill_api.TestGenerateValidation" name="test_whitespace_transcript_returns_400" time="0.097" /><testcase classname="backend.tests.test_quill_api.TestGenerateValidation" name="test_invalid_mode_returns_422" time="0.132" /><testcase classname="backend.tests.test_quill_api.TestLatency" name="test_generate_latency_within_window" time="0.822" /></testsuite></testsuites>